*
* Visual Studio Code Server
*
* By using the software, you agree to
* the Visual Studio Code Server License Terms (https://aka.ms/vscode-server-license) and
* the Microsoft Privacy Statement (https://privacy.microsoft.com/en-US/privacystatement).
*
Server bound to 127.0.0.1:42937 (IPv4)
Extension host agent listening on 42937

[10:14:53] 




[10:14:53] Extension host agent started.
[10:14:53] Started initializing default profile extensions in extensions installation folder. file:///home/azureuser/.vscode-server/extensions
[10:14:54] Completed initializing default profile extensions in extensions installation folder. file:///home/azureuser/.vscode-server/extensions
[10:14:54] [127.0.0.1][458520a8][ManagementConnection] New connection established.
[10:14:54] [127.0.0.1][7d4cd671][ExtensionHostConnection] New connection established.
[10:14:54] [127.0.0.1][7d4cd671][ExtensionHostConnection] <2137> Launched Extension Host Process.
[IPC Library: Pty Host]  WARN Shell integration cannot be enabled for executable "/bin/sh" and args [
  '-c',
  'wget --version > /dev/null\n' +
    'if [ $? -eq 0 ]\n' +
    'then\n' +
    "\twget --connect-timeout=7 --tries=1 --dns-timeout=7 -q --header='Metadata:true' -O - http://169.254.169.254/metadata/instance?api-version=2019-03-11\n" +
    'else\n' +
    '\tcurl --version > /dev/null\n' +
    '\tif [ $? -eq 0 ]\n' +
    '\tthen\n' +
    "\t\tcurl --connect-timeout 7 -s --header='Metadata:true' http://169.254.169.254/metadata/instance?api-version=2019-03-11\n" +
    '\tfi\n' +
    'fi\n' +
    'exit 0'
]
[IPC Library: Pty Host]  WARN Shell integration cannot be enabled for executable "/bin/sh" and args [
  '-c',
  'wget --version > /dev/null\n' +
    'if [ $? -eq 0 ]\n' +
    'then\n' +
    '\twget --connect-timeout=7 --tries=1 --dns-timeout=7 -q  -O - http://169.254.169.254/latest/meta-data/instance-id\n' +
    'else\n' +
    '\tcurl --version > /dev/null\n' +
    '\tif [ $? -eq 0 ]\n' +
    '\tthen\n' +
    '\t\tcurl --connect-timeout 7 -s  http://169.254.169.254/latest/meta-data/instance-id\n' +
    '\tfi\n' +
    'fi\n' +
    'exit 0'
]
[IPC Library: Pty Host]  WARN Shell integration cannot be enabled for executable "/bin/sh" and args [
  '-c',
  'wget --version > /dev/null\n' +
    'if [ $? -eq 0 ]\n' +
    'then\n' +
    '\twget --connect-timeout=7 --tries=1 --dns-timeout=7 -q  -O - http://169.254.169.254/metadata/v1/id\n' +
    'else\n' +
    '\tcurl --version > /dev/null\n' +
    '\tif [ $? -eq 0 ]\n' +
    '\tthen\n' +
    '\t\tcurl --connect-timeout 7 -s  http://169.254.169.254/metadata/v1/id\n' +
    '\tfi\n' +
    'fi\n' +
    'exit 0'
]
[IPC Library: Pty Host]  WARN Shell integration cannot be enabled for executable "/bin/sh" and args [
  '-c',
  'wget --version > /dev/null\n' +
    'if [ $? -eq 0 ]\n' +
    'then\n' +
    "\twget --connect-timeout=7 --tries=1 --dns-timeout=7 -q --header='Metadata-Flavor:Google' -O - http://metadata.google.internal/computeMetadata/v1/instance/id\n" +
    'else\n' +
    '\tcurl --version > /dev/null\n' +
    '\tif [ $? -eq 0 ]\n' +
    '\tthen\n' +
    "\t\tcurl --connect-timeout 7 -s --header='Metadata-Flavor:Google' http://metadata.google.internal/computeMetadata/v1/instance/id\n" +
    '\tfi\n' +
    'fi\n' +
    'exit 0'
]
New EH opened, aborting shutdown
[10:19:53] New EH opened, aborting shutdown
[10:34:27] [127.0.0.1][458520a8][ManagementConnection] The client has disconnected gracefully, so the connection will be disposed.
[10:34:27] [127.0.0.1][7d4cd671][ExtensionHostConnection] <2137> Extension Host Process exited with code: 0, signal: null.
Last EH closed, waiting before shutting down
[10:34:27] Last EH closed, waiting before shutting down
Got delay-shutdown request while in shutdown timeout, delaying
[10:34:31] Got delay-shutdown request while in shutdown timeout, delaying
Cancelling previous shutdown timeout
[10:34:31] Cancelling previous shutdown timeout
[10:34:31] [127.0.0.1][dbc137e3][ManagementConnection] New connection established.
[10:34:31] [127.0.0.1][510e8084][ExtensionHostConnection] New connection established.
[10:34:31] [127.0.0.1][510e8084][ExtensionHostConnection] <2483> Launched Extension Host Process.
[IPC Library: Pty Host]  WARN Shell integration cannot be enabled for executable "/bin/sh" and args [
  '-c',
  'wget --version > /dev/null\n' +
    'if [ $? -eq 0 ]\n' +
    'then\n' +
    "\twget --connect-timeout=7 --tries=1 --dns-timeout=7 -q --header='Metadata:true' -O - http://169.254.169.254/metadata/instance?api-version=2019-03-11\n" +
    'else\n' +
    '\tcurl --version > /dev/null\n' +
    '\tif [ $? -eq 0 ]\n' +
    '\tthen\n' +
    "\t\tcurl --connect-timeout 7 -s --header='Metadata:true' http://169.254.169.254/metadata/instance?api-version=2019-03-11\n" +
    '\tfi\n' +
    'fi\n' +
    'exit 0'
]
[IPC Library: Pty Host]  WARN Shell integration cannot be enabled for executable "/bin/sh" and args [
  '-c',
  'wget --version > /dev/null\n' +
    'if [ $? -eq 0 ]\n' +
    'then\n' +
    '\twget --connect-timeout=7 --tries=1 --dns-timeout=7 -q  -O - http://169.254.169.254/latest/meta-data/instance-id\n' +
    'else\n' +
    '\tcurl --version > /dev/null\n' +
    '\tif [ $? -eq 0 ]\n' +
    '\tthen\n' +
    '\t\tcurl --connect-timeout 7 -s  http://169.254.169.254/latest/meta-data/instance-id\n' +
    '\tfi\n' +
    'fi\n' +
    'exit 0'
]
[IPC Library: Pty Host]  WARN Shell integration cannot be enabled for executable "/bin/sh" and args [
  '-c',
  'wget --version > /dev/null\n' +
    'if [ $? -eq 0 ]\n' +
    'then\n' +
    '\twget --connect-timeout=7 --tries=1 --dns-timeout=7 -q  -O - http://169.254.169.254/metadata/v1/id\n' +
    'else\n' +
    '\tcurl --version > /dev/null\n' +
    '\tif [ $? -eq 0 ]\n' +
    '\tthen\n' +
    '\t\tcurl --connect-timeout 7 -s  http://169.254.169.254/metadata/v1/id\n' +
    '\tfi\n' +
    'fi\n' +
    'exit 0'
]
[IPC Library: Pty Host]  WARN Shell integration cannot be enabled for executable "/bin/sh" and args [
  '-c',
  'wget --version > /dev/null\n' +
    'if [ $? -eq 0 ]\n' +
    'then\n' +
    "\twget --connect-timeout=7 --tries=1 --dns-timeout=7 -q --header='Metadata-Flavor:Google' -O - http://metadata.google.internal/computeMetadata/v1/instance/id\n" +
    'else\n' +
    '\tcurl --version > /dev/null\n' +
    '\tif [ $? -eq 0 ]\n' +
    '\tthen\n' +
    "\t\tcurl --connect-timeout 7 -s --header='Metadata-Flavor:Google' http://metadata.google.internal/computeMetadata/v1/instance/id\n" +
    '\tfi\n' +
    'fi\n' +
    'exit 0'
]
rejected promise not handled within 1 second: CodeExpectedError: Could not find pty on pty host
stack trace: CodeExpectedError: Could not find pty on pty host
    at S.L (/home/azureuser/.vscode-server/bin/ee2b180d582a7f601fa6ecfdad8d9fd269ab1884/out/vs/platform/terminal/node/ptyHostMain.js:27:6849)
    at S.updateTitle (/home/azureuser/.vscode-server/bin/ee2b180d582a7f601fa6ecfdad8d9fd269ab1884/out/vs/platform/terminal/node/ptyHostMain.js:27:2630)
    at Object.call (/home/azureuser/.vscode-server/bin/ee2b180d582a7f601fa6ecfdad8d9fd269ab1884/out/vs/platform/terminal/node/ptyHostMain.js:17:5043)
    at l.s (/home/azureuser/.vscode-server/bin/ee2b180d582a7f601fa6ecfdad8d9fd269ab1884/out/vs/platform/terminal/node/ptyHostMain.js:15:5412)
    at l.q (/home/azureuser/.vscode-server/bin/ee2b180d582a7f601fa6ecfdad8d9fd269ab1884/out/vs/platform/terminal/node/ptyHostMain.js:15:4915)
    at /home/azureuser/.vscode-server/bin/ee2b180d582a7f601fa6ecfdad8d9fd269ab1884/out/vs/platform/terminal/node/ptyHostMain.js:15:4326
    at n.invoke (/home/azureuser/.vscode-server/bin/ee2b180d582a7f601fa6ecfdad8d9fd269ab1884/out/vs/platform/terminal/node/ptyHostMain.js:11:145)
    at E.deliver (/home/azureuser/.vscode-server/bin/ee2b180d582a7f601fa6ecfdad8d9fd269ab1884/out/vs/platform/terminal/node/ptyHostMain.js:11:2070)
    at c.fire (/home/azureuser/.vscode-server/bin/ee2b180d582a7f601fa6ecfdad8d9fd269ab1884/out/vs/platform/terminal/node/ptyHostMain.js:11:1708)
    at process.T (/home/azureuser/.vscode-server/bin/ee2b180d582a7f601fa6ecfdad8d9fd269ab1884/out/vs/platform/terminal/node/ptyHostMain.js:9:20949)
    at process.emit (node:events:526:28)
    at emit (node:internal/child_process:938:14)
    at processTicksAndRejections (node:internal/process/task_queues:84:21)
[10:34:34] Error [CodeExpectedError]: Could not find pty on pty host
    at S.L (/home/azureuser/.vscode-server/bin/ee2b180d582a7f601fa6ecfdad8d9fd269ab1884/out/vs/platform/terminal/node/ptyHostMain.js:27:6849)
    at S.updateTitle (/home/azureuser/.vscode-server/bin/ee2b180d582a7f601fa6ecfdad8d9fd269ab1884/out/vs/platform/terminal/node/ptyHostMain.js:27:2630)
    at Object.call (/home/azureuser/.vscode-server/bin/ee2b180d582a7f601fa6ecfdad8d9fd269ab1884/out/vs/platform/terminal/node/ptyHostMain.js:17:5043)
    at l.s (/home/azureuser/.vscode-server/bin/ee2b180d582a7f601fa6ecfdad8d9fd269ab1884/out/vs/platform/terminal/node/ptyHostMain.js:15:5412)
    at l.q (/home/azureuser/.vscode-server/bin/ee2b180d582a7f601fa6ecfdad8d9fd269ab1884/out/vs/platform/terminal/node/ptyHostMain.js:15:4915)
    at /home/azureuser/.vscode-server/bin/ee2b180d582a7f601fa6ecfdad8d9fd269ab1884/out/vs/platform/terminal/node/ptyHostMain.js:15:4326
    at n.invoke (/home/azureuser/.vscode-server/bin/ee2b180d582a7f601fa6ecfdad8d9fd269ab1884/out/vs/platform/terminal/node/ptyHostMain.js:11:145)
    at E.deliver (/home/azureuser/.vscode-server/bin/ee2b180d582a7f601fa6ecfdad8d9fd269ab1884/out/vs/platform/terminal/node/ptyHostMain.js:11:2070)
    at c.fire (/home/azureuser/.vscode-server/bin/ee2b180d582a7f601fa6ecfdad8d9fd269ab1884/out/vs/platform/terminal/node/ptyHostMain.js:11:1708)
    at process.T (/home/azureuser/.vscode-server/bin/ee2b180d582a7f601fa6ecfdad8d9fd269ab1884/out/vs/platform/terminal/node/ptyHostMain.js:9:20949)
    at process.emit (node:events:526:28)
    at emit (node:internal/child_process:938:14)
    at processTicksAndRejections (node:internal/process/task_queues:84:21)
rejected promise not handled within 1 second: CodeExpectedError: Could not find pty on pty host
stack trace: CodeExpectedError: Could not find pty on pty host
    at S.L (/home/azureuser/.vscode-server/bin/ee2b180d582a7f601fa6ecfdad8d9fd269ab1884/out/vs/platform/terminal/node/ptyHostMain.js:27:6849)
    at S.updateIcon (/home/azureuser/.vscode-server/bin/ee2b180d582a7f601fa6ecfdad8d9fd269ab1884/out/vs/platform/terminal/node/ptyHostMain.js:27:2680)
    at Object.call (/home/azureuser/.vscode-server/bin/ee2b180d582a7f601fa6ecfdad8d9fd269ab1884/out/vs/platform/terminal/node/ptyHostMain.js:17:5043)
    at l.s (/home/azureuser/.vscode-server/bin/ee2b180d582a7f601fa6ecfdad8d9fd269ab1884/out/vs/platform/terminal/node/ptyHostMain.js:15:5412)
    at l.q (/home/azureuser/.vscode-server/bin/ee2b180d582a7f601fa6ecfdad8d9fd269ab1884/out/vs/platform/terminal/node/ptyHostMain.js:15:4915)
    at /home/azureuser/.vscode-server/bin/ee2b180d582a7f601fa6ecfdad8d9fd269ab1884/out/vs/platform/terminal/node/ptyHostMain.js:15:4326
    at n.invoke (/home/azureuser/.vscode-server/bin/ee2b180d582a7f601fa6ecfdad8d9fd269ab1884/out/vs/platform/terminal/node/ptyHostMain.js:11:145)
    at E.deliver (/home/azureuser/.vscode-server/bin/ee2b180d582a7f601fa6ecfdad8d9fd269ab1884/out/vs/platform/terminal/node/ptyHostMain.js:11:2070)
    at c.fire (/home/azureuser/.vscode-server/bin/ee2b180d582a7f601fa6ecfdad8d9fd269ab1884/out/vs/platform/terminal/node/ptyHostMain.js:11:1708)
    at process.T (/home/azureuser/.vscode-server/bin/ee2b180d582a7f601fa6ecfdad8d9fd269ab1884/out/vs/platform/terminal/node/ptyHostMain.js:9:20949)
    at process.emit (node:events:526:28)
    at emit (node:internal/child_process:938:14)
    at processTicksAndRejections (node:internal/process/task_queues:84:21)
[10:34:34] Error [CodeExpectedError]: Could not find pty on pty host
    at S.L (/home/azureuser/.vscode-server/bin/ee2b180d582a7f601fa6ecfdad8d9fd269ab1884/out/vs/platform/terminal/node/ptyHostMain.js:27:6849)
    at S.updateIcon (/home/azureuser/.vscode-server/bin/ee2b180d582a7f601fa6ecfdad8d9fd269ab1884/out/vs/platform/terminal/node/ptyHostMain.js:27:2680)
    at Object.call (/home/azureuser/.vscode-server/bin/ee2b180d582a7f601fa6ecfdad8d9fd269ab1884/out/vs/platform/terminal/node/ptyHostMain.js:17:5043)
    at l.s (/home/azureuser/.vscode-server/bin/ee2b180d582a7f601fa6ecfdad8d9fd269ab1884/out/vs/platform/terminal/node/ptyHostMain.js:15:5412)
    at l.q (/home/azureuser/.vscode-server/bin/ee2b180d582a7f601fa6ecfdad8d9fd269ab1884/out/vs/platform/terminal/node/ptyHostMain.js:15:4915)
    at /home/azureuser/.vscode-server/bin/ee2b180d582a7f601fa6ecfdad8d9fd269ab1884/out/vs/platform/terminal/node/ptyHostMain.js:15:4326
    at n.invoke (/home/azureuser/.vscode-server/bin/ee2b180d582a7f601fa6ecfdad8d9fd269ab1884/out/vs/platform/terminal/node/ptyHostMain.js:11:145)
    at E.deliver (/home/azureuser/.vscode-server/bin/ee2b180d582a7f601fa6ecfdad8d9fd269ab1884/out/vs/platform/terminal/node/ptyHostMain.js:11:2070)
    at c.fire (/home/azureuser/.vscode-server/bin/ee2b180d582a7f601fa6ecfdad8d9fd269ab1884/out/vs/platform/terminal/node/ptyHostMain.js:11:1708)
    at process.T (/home/azureuser/.vscode-server/bin/ee2b180d582a7f601fa6ecfdad8d9fd269ab1884/out/vs/platform/terminal/node/ptyHostMain.js:9:20949)
    at process.emit (node:events:526:28)
    at emit (node:internal/child_process:938:14)
    at processTicksAndRejections (node:internal/process/task_queues:84:21)
New EH opened, aborting shutdown
[10:39:31] New EH opened, aborting shutdown
[11:29:02] [File Watcher (node.js)] Watcher shutdown because watched path got deleted
